# JRE version: OpenJDK Runtime Environment (8.0_152-b02) (build 1.8.0_152-release-1024-b02)
# Java VM: OpenJDK 64-Bit Server VM (25.152-b02 mixed mode windows-amd64 compressed oops)
Heap:
 PSYoungGen      total 184832K, used 109265K [0x00000000e0000000, 0x00000000eed80000, 0x0000000100000000)
  eden space 152576K, 50% used [0x00000000e0000000,0x00000000e4b356e0,0x00000000e9500000)
  from space 32256K, 99% used [0x00000000e9500000,0x00000000eb47ef88,0x00000000eb480000)
  to   space 37376K, 0% used [0x00000000ec900000,0x00000000ec900000,0x00000000eed80000)
 ParOldGen       total 175616K, used 50885K [0x00000000a0000000, 0x00000000aab80000, 0x00000000e0000000)
  object space 175616K, 28% used [0x00000000a0000000,0x00000000a31b1470,0x00000000aab80000)
 Metaspace       used 75294K, capacity 78669K, committed 78848K, reserved 1118208K
  class space    used 9972K, capacity 10686K, committed 10752K, reserved 1048576K
GC Heap History (10 events):
Event: 23.862 GC heap before
{Heap before GC invocations=18 (full 3):
 PSYoungGen      total 137728K, used 23037K [0x00000000e0000000, 0x00000000ec700000, 0x0000000100000000)
  eden space 114688K, 0% used [0x00000000e0000000,0x00000000e0000000,0x00000000e7000000)
  from space 23040K, 99% used [0x00000000e7000000,0x00000000e867f550,0x00000000e8680000)
  to   space 29696K, 0% used [0x00000000eaa00000,0x00000000eaa00000,0x00000000ec700000)
 ParOldGen       total 104448K, used 35950K [0x00000000a0000000, 0x00000000a6600000, 0x00000000e0000000)
  object space 104448K, 34% used [0x00000000a0000000,0x00000000a231b988,0x00000000a6600000)
 Metaspace       used 57145K, capacity 58851K, committed 59008K, reserved 1099776K
  class space    used 7811K, capacity 8211K, committed 8320K, reserved 1048576K
Event: 24.267 GC heap after
Heap after GC invocations=18 (full 3):
 PSYoungGen      total 137728K, used 0K [0x00000000e0000000, 0x00000000ec700000, 0x0000000100000000)
  eden space 114688K, 0% used [0x00000000e0000000,0x00000000e0000000,0x00000000e7000000)
  from space 23040K, 0% used [0x00000000e7000000,0x00000000e7000000,0x00000000e8680000)
  to   space 29696K, 0% used [0x00000000eaa00000,0x00000000eaa00000,0x00000000ec700000)
 ParOldGen       total 175616K, used 49799K [0x00000000a0000000, 0x00000000aab80000, 0x00000000e0000000)
  object space 175616K, 28% used [0x00000000a0000000,0x00000000a30a1c80,0x00000000aab80000)
 Metaspace       used 57145K, capacity 58851K, committed 59008K, reserved 1099776K
  class space    used 7811K, capacity 8211K, committed 8320K, reserved 1048576K
}
Event: 27.822 GC heap before
{Heap before GC invocations=19 (full 3):
 PSYoungGen      total 137728K, used 114688K [0x00000000e0000000, 0x00000000ec700000, 0x0000000100000000)
  eden space 114688K, 100% used [0x00000000e0000000,0x00000000e7000000,0x00000000e7000000)
  from space 23040K, 0% used [0x00000000e7000000,0x00000000e7000000,0x00000000e8680000)
  to   space 29696K, 0% used [0x00000000eaa00000,0x00000000eaa00000,0x00000000ec700000)
 ParOldGen       total 175616K, used 49799K [0x00000000a0000000, 0x00000000aab80000, 0x00000000e0000000)
  object space 175616K, 28% used [0x00000000a0000000,0x00000000a30a1c80,0x00000000aab80000)
 Metaspace       used 60662K, capacity 62487K, committed 62720K, reserved 1103872K
  class space    used 8142K, capacity 8621K, committed 8704K, reserved 1048576K
Event: 27.849 GC heap after
Heap after GC invocations=19 (full 3):
 PSYoungGen      total 161792K, used 15768K [0x00000000e0000000, 0x00000000ec080000, 0x0000000100000000)
  eden space 138752K, 0% used [0x00000000e0000000,0x00000000e0000000,0x00000000e8780000)
  from space 23040K, 68% used [0x00000000eaa00000,0x00000000eb966308,0x00000000ec080000)
  to   space 29184K, 0% used [0x00000000e8780000,0x00000000e8780000,0x00000000ea400000)
 ParOldGen       total 175616K, used 49807K [0x00000000a0000000, 0x00000000aab80000, 0x00000000e0000000)
  object space 175616K, 28% used [0x00000000a0000000,0x00000000a30a3c80,0x00000000aab80000)
 Metaspace       used 60662K, capacity 62487K, committed 62720K, reserved 1103872K
  class space    used 8142K, capacity 8621K, committed 8704K, reserved 1048576K
}
Event: 132.092 GC heap before
{Heap before GC invocations=20 (full 3):
 PSYoungGen      total 161792K, used 154520K [0x00000000e0000000, 0x00000000ec080000, 0x0000000100000000)
  eden space 138752K, 100% used [0x00000000e0000000,0x00000000e8780000,0x00000000e8780000)
  from space 23040K, 68% used [0x00000000eaa00000,0x00000000eb966308,0x00000000ec080000)
  to   space 29184K, 0% used [0x00000000e8780000,0x00000000e8780000,0x00000000ea400000)
 ParOldGen       total 175616K, used 49807K [0x00000000a0000000, 0x00000000aab80000, 0x00000000e0000000)
  object space 175616K, 28% used [0x00000000a0000000,0x00000000a30a3c80,0x00000000aab80000)
 Metaspace       used 63657K, capacity 65663K, committed 65792K, reserved 1105920K
  class space    used 8392K, capacity 8897K, committed 8960K, reserved 1048576K
Event: 132.138 GC heap after
Heap after GC invocations=20 (full 3):
 PSYoungGen      total 167936K, used 20597K [0x00000000e0000000, 0x00000000ed200000, 0x0000000100000000)
  eden space 138752K, 0% used [0x00000000e0000000,0x00000000e0000000,0x00000000e8780000)
  from space 29184K, 70% used [0x00000000e8780000,0x00000000e9b9d460,0x00000000ea400000)
  to   space 30208K, 0% used [0x00000000eb480000,0x00000000eb480000,0x00000000ed200000)
 ParOldGen       total 175616K, used 49815K [0x00000000a0000000, 0x00000000aab80000, 0x00000000e0000000)
  object space 175616K, 28% used [0x00000000a0000000,0x00000000a30a5c80,0x00000000aab80000)
 Metaspace       used 63657K, capacity 65663K, committed 65792K, reserved 1105920K
  class space    used 8392K, capacity 8897K, committed 8960K, reserved 1048576K
}
Event: 138.567 GC heap before
{Heap before GC invocations=21 (full 3):
 PSYoungGen      total 167936K, used 159349K [0x00000000e0000000, 0x00000000ed200000, 0x0000000100000000)
  eden space 138752K, 100% used [0x00000000e0000000,0x00000000e8780000,0x00000000e8780000)
  from space 29184K, 70% used [0x00000000e8780000,0x00000000e9b9d460,0x00000000ea400000)
  to   space 30208K, 0% used [0x00000000eb480000,0x00000000eb480000,0x00000000ed200000)
 ParOldGen       total 175616K, used 49815K [0x00000000a0000000, 0x00000000aab80000, 0x00000000e0000000)
  object space 175616K, 28% used [0x00000000a0000000,0x00000000a30a5c80,0x00000000aab80000)
 Metaspace       used 63988K, capacity 66109K, committed 66304K, reserved 1105920K
  class space    used 8405K, capacity 8918K, committed 8960K, reserved 1048576K
Event: 138.596 GC heap after
Heap after GC invocations=21 (full 3):
 PSYoungGen      total 182784K, used 22811K [0x00000000e0000000, 0x00000000ed500000, 0x0000000100000000)
  eden space 152576K, 0% used [0x00000000e0000000,0x00000000e0000000,0x00000000e9500000)
  from space 30208K, 75% used [0x00000000eb480000,0x00000000ecac6c58,0x00000000ed200000)
  to   space 32256K, 0% used [0x00000000e9500000,0x00000000e9500000,0x00000000eb480000)
 ParOldGen       total 175616K, used 49823K [0x00000000a0000000, 0x00000000aab80000, 0x00000000e0000000)
  object space 175616K, 28% used [0x00000000a0000000,0x00000000a30a7c80,0x00000000aab80000)
 Metaspace       used 63988K, capacity 66109K, committed 66304K, reserved 1105920K
  class space    used 8405K, capacity 8918K, committed 8960K, reserved 1048576K
}
Event: 143.173 GC heap before
{Heap before GC invocations=22 (full 3):
 PSYoungGen      total 182784K, used 175387K [0x00000000e0000000, 0x00000000ed500000, 0x0000000100000000)
  eden space 152576K, 100% used [0x00000000e0000000,0x00000000e9500000,0x00000000e9500000)
  from space 30208K, 75% used [0x00000000eb480000,0x00000000ecac6c58,0x00000000ed200000)
  to   space 32256K, 0% used [0x00000000e9500000,0x00000000e9500000,0x00000000eb480000)
 ParOldGen       total 175616K, used 49823K [0x00000000a0000000, 0x00000000aab80000, 0x00000000e0000000)
  object space 175616K, 28% used [0x00000000a0000000,0x00000000a30a7c80,0x00000000aab80000)
 Metaspace       used 72060K, capacity 75039K, committed 75264K, reserved 1114112K
  class space    used 9506K, capacity 10183K, committed 10240K, reserved 1048576K
Event: 143.206 GC heap after
Heap after GC invocations=22 (full 3):
 PSYoungGen      total 184832K, used 32251K [0x00000000e0000000, 0x00000000eed80000, 0x0000000100000000)
  eden space 152576K, 0% used [0x00000000e0000000,0x00000000e0000000,0x00000000e9500000)
  from space 32256K, 99% used [0x00000000e9500000,0x00000000eb47ef88,0x00000000eb480000)
  to   space 37376K, 0% used [0x00000000ec900000,0x00000000ec900000,0x00000000eed80000)
 ParOldGen       total 175616K, used 50885K [0x00000000a0000000, 0x00000000aab80000, 0x00000000e0000000)
  object space 175616K, 28% used [0x00000000a0000000,0x00000000a31b1470,0x00000000aab80000)
 Metaspace       used 72060K, capacity 75039K, committed 75264K, reserved 1114112K
  class space    used 9506K, capacity 10183K, committed 10240K, reserved 1048576K
}

